22:57:35.409 [main] INFO  org.testng.internal.Utils - [TestNG] Running:
  C:\Users\Tejaswini\eclipse-workspace\openCartProject\Test-Automation1\groups.xml

22:57:38.053 [TestNG-tests-1] INFO  io.github.bonigarcia.wdm.WebDriverManager - Using chromedriver 128.0.6613.137 (resolved driver for Chrome 128)
22:57:38.141 [TestNG-tests-1] INFO  io.github.bonigarcia.wdm.WebDriverManager - Exporting webdriver.chrome.driver as C:\Users\Tejaswini\.cache\selenium\chromedriver\win64\128.0.6613.137\chromedriver.exe
22:57:43.814 [TestNG-tests-1] INFO  testCases.TC001_HomePageRegister - ****Starting TC001_HomePageRegister **** 
00:22:54.995 [main] INFO  org.testng.internal.Utils - [TestNG] Running:
  C:\Users\Tejaswini\eclipse-workspace\openCartProject\Test-Automation1\groups.xml

00:23:01.845 [TestNG-tests-1] INFO  io.github.bonigarcia.wdm.WebDriverManager - Using chromedriver 128.0.6613.137 (resolved driver for Chrome 128)
00:23:02.871 [TestNG-tests-1] INFO  io.github.bonigarcia.wdm.WebDriverManager - Exporting webdriver.chrome.driver as C:\Users\Tejaswini\.cache\selenium\chromedriver\win64\128.0.6613.137\chromedriver.exe
00:23:19.124 [TestNG-tests-1] INFO  testCases.TC001_HomePageRegister - ****Starting TC001_HomePageRegister **** 
00:27:45.881 [main] INFO  org.testng.internal.Utils - [TestNG] Running:
  C:\Users\Tejaswini\eclipse-workspace\openCartProject\Test-Automation1\groups.xml

00:27:48.277 [TestNG-tests-1] INFO  io.github.bonigarcia.wdm.WebDriverManager - Using chromedriver 128.0.6613.137 (resolved driver for Chrome 128)
00:27:50.327 [TestNG-tests-1] INFO  io.github.bonigarcia.wdm.WebDriverManager - Exporting webdriver.chrome.driver as C:\Users\Tejaswini\.cache\selenium\chromedriver\win64\128.0.6613.137\chromedriver.exe
00:28:49.955 [TestNG-tests-1] INFO  testCases.TC001_HomePageRegister - ****Starting TC001_HomePageRegister **** 
00:29:57.578 [main] INFO  org.testng.internal.Utils - [TestNG] Running:
  C:\Users\Tejaswini\eclipse-workspace\openCartProject\Test-Automation1\groups.xml

00:30:03.108 [TestNG-tests-1] INFO  io.github.bonigarcia.wdm.WebDriverManager - Using chromedriver 128.0.6613.137 (resolved driver for Chrome 128)
00:30:03.687 [TestNG-tests-1] INFO  io.github.bonigarcia.wdm.WebDriverManager - Exporting webdriver.chrome.driver as C:\Users\Tejaswini\.cache\selenium\chromedriver\win64\128.0.6613.137\chromedriver.exe
00:30:17.722 [TestNG-tests-1] INFO  testCases.TC001_HomePageRegister - ****Starting TC001_HomePageRegister **** 
00:35:37.618 [main] INFO  org.testng.internal.Utils - [TestNG] Running:
  C:\Users\Tejaswini\eclipse-workspace\openCartProject\Test-Automation1\testng.xml

00:35:39.247 [main] INFO  io.github.bonigarcia.wdm.WebDriverManager - Using chromedriver 128.0.6613.137 (resolved driver for Chrome 128)
00:35:39.322 [main] INFO  io.github.bonigarcia.wdm.WebDriverManager - Exporting webdriver.chrome.driver as C:\Users\Tejaswini\.cache\selenium\chromedriver\win64\128.0.6613.137\chromedriver.exe
00:35:44.364 [main] INFO  testCases.TC001_HomePageRegister - ****Starting TC001_HomePageRegister **** 
00:39:51.734 [main] INFO  org.testng.internal.Utils - [TestNG] Running:
  C:\Users\Tejaswini\eclipse-workspace\openCartProject\Test-Automation1\groups.xml

00:39:53.215 [TestNG-tests-1] INFO  io.github.bonigarcia.wdm.WebDriverManager - Using chromedriver 128.0.6613.137 (resolved driver for Chrome 128)
00:39:53.307 [TestNG-tests-1] INFO  io.github.bonigarcia.wdm.WebDriverManager - Exporting webdriver.chrome.driver as C:\Users\Tejaswini\.cache\selenium\chromedriver\win64\128.0.6613.137\chromedriver.exe
00:39:57.880 [TestNG-tests-1] INFO  testCases.TC001_HomePageRegister - ****Starting TC001_HomePageRegister **** 
00:44:15.981 [main] INFO  org.testng.internal.Utils - [TestNG] Running:
  C:\Users\Tejaswini\eclipse-workspace\openCartProject\Test-Automation1\groups.xml

00:44:51.146 [main] INFO  org.testng.internal.Utils - [TestNG] Running:
  C:\Users\Tejaswini\eclipse-workspace\openCartProject\Test-Automation1\groups.xml

00:45:30.688 [main] INFO  org.testng.internal.Utils - [TestNG] Running:
  C:\Users\Tejaswini\eclipse-workspace\openCartProject\Test-Automation1\groups.xml

00:46:20.937 [main] INFO  org.testng.internal.Utils - [TestNG] Running:
  C:\Users\Tejaswini\eclipse-workspace\openCartProject\Test-Automation1\groups.xml

00:51:00.539 [main] INFO  org.testng.internal.Utils - [TestNG] Running:
  C:\Users\Tejaswini\eclipse-workspace\openCartProject\Test-Automation1\groups.xml

00:52:41.264 [main] INFO  org.testng.internal.Utils - [TestNG] Running:
  C:\Users\Tejaswini\eclipse-workspace\openCartProject\Test-Automation1\groups.xml

00:52:42.191 [TestNG-tests-1] INFO  io.github.bonigarcia.wdm.WebDriverManager - Using chromedriver 128.0.6613.137 (resolved driver for Chrome 128)
00:52:42.267 [TestNG-tests-1] INFO  io.github.bonigarcia.wdm.WebDriverManager - Exporting webdriver.chrome.driver as C:\Users\Tejaswini\.cache\selenium\chromedriver\win64\128.0.6613.137\chromedriver.exe
